Computing row 1/40...
1
2
3
4
5
6
7
8
9
10
11
12
13
14
15
16
17
18
19
20
21
22
23
24
25
26
27
28
29
30
31
32
33
34
35
36
37
38
39
Computing row 2/40...
2
3
4
5
6
7
8
9
10
11
12
13
14
15
16
17
18
19
20
21
22
23
24
25
26
27
28
29
30
31
32
33
34
35
36
37
38
39
Computing row 3/40...
3
4
5
6
7
8
9
10
11
12
13
14
15
16
17
18
19
20
21
22
23
24
25
26
27
28
29
30
31
32
33
34
35
36
37
38
39
Computing row 4/40...
4
5
6
7
8
9
10
11
12
13
14
15
16
17
18
19
20
21
22
23
24
25
26
27
28
29
30
31
32
33
34
35
36
37
38
39
Computing row 5/40...
5
6
7
8
9
10
11
12
13
14
15
16
17
18
19
20
21
22
23
24
25
26
27
28
29
30
31
32
33
34
35
36
37
38
39
Computing row 6/40...
6
7
8
9
10
11
12
13
14
15
16
17
18
19
20
21
22
23
24
25
26
27
28
29
30
31
32
33
34
35
36
37
38
39
Computing row 7/40...
7
8
9
10
11
12
13
14
15
16
17
18
19
20
21
22
23
24
25
26
27
28
29
30
31
32
33
34
35
36
37
38
39
Computing row 8/40...
8
9
10
11
12
13
14
15
16
17
18
19
20
21
22
23
24
25
26
27
28
29
30
31
32
33
34
35
36
37
38
39
Computing row 9/40...
9
10
11
12
13
14
15
16
17
18
19
20
21
22
23
24
25
26
27
28
29
30
31
32
33
34
35
36
37
38
39
Computing row 10/40...
10
11
12
13
14
15
16
17
18
19
20
21
22
23
24
25
26
27
28
29
30
31
32
33
34
35
36
37
38
39
Computing row 11/40...
11
12
13
14
15
16
17
18
19
20
21
22
23
24
25
26
27
28
29
30
31
32
33
34
35
36
37
38
39
Computing row 12/40...
12
13
14
15
16
17
18
19
20
21
22
23
24
25
26
27
28
29
30
31
32
33
34
35
36
37
38
39
Computing row 13/40...
13
14
15
16
17
18
19
20
21
22
23
24
25
26
27
28
29
30
31
32
33
34
35
36
37
38
39
Computing row 14/40...
14
15
16
17
18
19
20
21
22
23
24
25
26
27
28
29
30
31
32
33
34
35
36
37
38
39
Computing row 15/40...
15
16
17
18
19
20
21
22
23
24
25
26
27
28
29
30
31
32
33
34
35
36
37
38
39
Computing row 16/40...
16
17
18
19
20
21
22
23
24
25
26
27
28
29
30
31
32
33
34
35
36
37
38
39
Computing row 17/40...
17
18
19
20
21
22
23
24
25
26
27
28
29
30
31
32
33
34
35
36
37
38
39
Computing row 18/40...
18
19
20
21
22
23
24
25
26
27
28
29
30
31
32
33
34
35
36
37
38
39
Computing row 19/40...
19
20
21
22
23
24
25
26
27
28
29
30
31
32
33
34
35
36
37
38
39
Computing row 20/40...
20
21
22
23
24
25
26
27
28
29
30
31
32
33
34
35
36
37
38
39
Computing row 21/40...
21
22
23
24
25
26
27
28
29
30
31
32
33
34
35
36
37
38
39
Computing row 22/40...
22
23
24
25
26
27
28
29
30
31
32
33
34
35
36
37
38
39
Computing row 23/40...
23
24
25
26
27
28
29
30
31
32
33
34
35
36
37
38
39
Computing row 24/40...
24
25
26
27
28
29
30
31
32
33
34
35
36
37
38
39
Computing row 25/40...
25
26
27
28
29
30
31
32
33
34
35
36
37
38
39
Computing row 26/40...
26
27
28
29
30
31
32
33
34
35
36
37
38
39
Computing row 27/40...
27
28
29
30
31
32
33
34
35
36
37
38
39
Computing row 28/40...
28
29
30
31
32
33
34
35
36
37
38
39
Computing row 29/40...
29
30
31
32
33
34
35
36
37
38
39
Computing row 30/40...
30
31
32
33
34
35
36
37
38
39
Computing row 31/40...
31
32
33
34
35
36
37
38
39
Computing row 32/40...
32
33
34
35
36
37
38
39
Computing row 33/40...
33
34
35
36
37
38
39
Computing row 34/40...
34
35
36
37
38
39
Computing row 35/40...
35
36
37
38
39
Computing row 36/40...
36
37
38
39
Computing row 37/40...
37
38
39
Computing row 38/40...
38
39
Computing row 39/40...
39
Computing row 40/40...
