Traceback (most recent call last):
  File "train_surface3d.py", line 127, in <module>
    main()
  File "train_surface3d.py", line 88, in main
    _, x_hat, mu, var, kld, rec_loss, elbo = model(x)
  File "/zhome/77/8/118225/.local/lib/python3.8/site-packages/torch/nn/modules/module.py", line 727, in _call_impl
    result = self.forward(*input, **kwargs)
  File "/zhome/77/8/118225/Desktop/SRM/Github/SRM/3d_Surfaces/VAE_surface3d.py", line 143, in forward
    x_hat = self.g(z)
  File "/zhome/77/8/118225/.local/lib/python3.8/site-packages/torch/nn/modules/module.py", line 727, in _call_impl
    result = self.forward(*input, **kwargs)
  File "/zhome/77/8/118225/.local/lib/python3.8/site-packages/torch/nn/modules/container.py", line 117, in forward
    input = module(input)
  File "/zhome/77/8/118225/.local/lib/python3.8/site-packages/torch/nn/modules/module.py", line 727, in _call_impl
    result = self.forward(*input, **kwargs)
  File "/zhome/77/8/118225/.local/lib/python3.8/site-packages/torch/nn/modules/linear.py", line 93, in forward
    return F.linear(input, self.weight, self.bias)
  File "/zhome/77/8/118225/.local/lib/python3.8/site-packages/torch/nn/functional.py", line 1690, in linear
    ret = torch.addmm(bias, input, weight.t())
  File "/zhome/77/8/118225/.local/lib/python3.8/site-packages/torch/utils/data/_utils/signal_handling.py", line 66, in handler
    _error_if_any_worker_fails()
RuntimeError: DataLoader worker (pid 1455) is killed by signal: Killed. 
